0 info it worked if it ends with ok
1 verbose cli [ 'C:\\Program Files\\nodejs\\\\node.exe',
1 verbose cli   'C:\\Program Files\\nodejs\\node_modules\\npm\\bin\\npm-cli.js',
1 verbose cli   'install',
1 verbose cli   'express' ]
2 info using npm@1.4.9
3 info using node@v0.10.28
4 verbose node symlink C:\Program Files\nodejs\\node.exe
5 verbose readDependencies using package.json deps
6 verbose cache add [ 'express@~4.13.3', null ]
7 verbose cache add name=undefined spec="express@~4.13.3" args=["express@~4.13.3",null]
8 verbose parsed url { protocol: null,
8 verbose parsed url   slashes: null,
8 verbose parsed url   auth: null,
8 verbose parsed url   host: null,
8 verbose parsed url   port: null,
8 verbose parsed url   hostname: null,
8 verbose parsed url   hash: null,
8 verbose parsed url   search: null,
8 verbose parsed url   query: null,
8 verbose parsed url   pathname: 'express@~4.13.3',
8 verbose parsed url   path: 'express@~4.13.3',
8 verbose parsed url   href: 'express@~4.13.3' }
9 verbose cache add name="express" spec="~4.13.3" args=["express","~4.13.3"]
10 verbose parsed url { protocol: null,
10 verbose parsed url   slashes: null,
10 verbose parsed url   auth: null,
10 verbose parsed url   host: null,
10 verbose parsed url   port: null,
10 verbose parsed url   hostname: null,
10 verbose parsed url   hash: null,
10 verbose parsed url   search: null,
10 verbose parsed url   query: null,
10 verbose parsed url   pathname: '~4.13.3',
10 verbose parsed url   path: '~4.13.3',
10 verbose parsed url   href: '~4.13.3' }
11 verbose addNamed [ 'express', '~4.13.3' ]
12 verbose addNamed [ null, '>=4.13.3-0 <4.14.0-0' ]
13 silly lockFile 90e6d034-express-4-13-3 express@~4.13.3
14 verbose lock express@~4.13.3 C:\Users\sagar_rivankar\AppData\Roaming\npm-cache\90e6d034-express-4-13-3.lock
15 silly addNameRange { name: 'express',
15 silly addNameRange   range: '>=4.13.3-0 <4.14.0-0',
15 silly addNameRange   hasData: false }
16 verbose url raw express
17 verbose url resolving [ 'http://registry.npmjs.org/', './express' ]
18 verbose url resolved http://registry.npmjs.org/express
19 info trying registry request attempt 1 at 12:34:36
20 verbose etag "B7OGW0YY4CJU76IDIX1KQ8FMH"
21 http GET http://registry.npmjs.org/express
22 http 200 http://registry.npmjs.org/express
23 silly registry.get cb [ 200,
23 silly registry.get   { server: 'CouchDB/1.5.0 (Erlang OTP/R16B03)',
23 silly registry.get     etag: '"B7OGW0YY4CJU76IDIX1KQ8FMH"',
23 silly registry.get     'content-type': 'application/json',
23 silly registry.get     'cache-control': 'max-age=300',
23 silly registry.get     'content-length': '533250',
23 silly registry.get     'accept-ranges': 'bytes',
23 silly registry.get     date: 'Sun, 07 Feb 2016 07:04:37 GMT',
23 silly registry.get     via: '1.1 varnish',
23 silly registry.get     age: '286',
23 silly registry.get     'x-served-by': 'cache-sin6926-SIN',
23 silly registry.get     'x-cache': 'HIT',
23 silly registry.get     'x-cache-hits': '10',
23 silly registry.get     'x-timer': 'S1454828677.131895,VS0,VE0',
23 silly registry.get     vary: 'Accept',
23 silly registry.get     connection: 'Keep-Alive' } ]
24 silly addNameRange number 2 { name: 'express', range: '>=4.13.3-0 <4.14.0-0', hasData: true }
25 silly addNameRange versions [ 'express',
25 silly addNameRange   [ '0.14.0',
25 silly addNameRange     '0.14.1',
25 silly addNameRange     '1.0.0',
25 silly addNameRange     '1.0.1',
25 silly addNameRange     '1.0.2',
25 silly addNameRange     '1.0.3',
25 silly addNameRange     '1.0.4',
25 silly addNameRange     '1.0.5',
25 silly addNameRange     '1.0.6',
25 silly addNameRange     '1.0.7',
25 silly addNameRange     '1.0.8',
25 silly addNameRange     '2.0.0',
25 silly addNameRange     '2.1.0',
25 silly addNameRange     '2.1.1',
25 silly addNameRange     '2.2.0',
25 silly addNameRange     '2.2.1',
25 silly addNameRange     '2.2.2',
25 silly addNameRange     '2.3.0',
25 silly addNameRange     '2.3.1',
25 silly addNameRange     '2.3.2',
25 silly addNameRange     '2.3.3',
25 silly addNameRange     '2.3.4',
25 silly addNameRange     '2.3.5',
25 silly addNameRange     '2.3.6',
25 silly addNameRange     '2.3.7',
25 silly addNameRange     '2.3.8',
25 silly addNameRange     '2.3.9',
25 silly addNameRange     '2.3.10',
25 silly addNameRange     '2.3.11',
25 silly addNameRange     '2.3.12',
25 silly addNameRange     '2.4.0',
25 silly addNameRange     '2.4.1',
25 silly addNameRange     '2.4.2',
25 silly addNameRange     '2.4.3',
25 silly addNameRange     '2.4.4',
25 silly addNameRange     '2.4.5',
25 silly addNameRange     '2.4.6',
25 silly addNameRange     '2.4.7',
25 silly addNameRange     '2.5.0',
25 silly addNameRange     '2.5.1',
25 silly addNameRange     '2.5.2',
25 silly addNameRange     '2.5.3',
25 silly addNameRange     '2.5.4',
25 silly addNameRange     '2.5.5',
25 silly addNameRange     '2.5.6',
25 silly addNameRange     '2.5.7',
25 silly addNameRange     '2.5.8',
25 silly addNameRange     '2.5.9',
25 silly addNameRange     '2.5.10',
25 silly addNameRange     '2.5.11',
25 silly addNameRange     '3.0.0',
25 silly addNameRange     '3.0.1',
25 silly addNameRange     '3.0.2',
25 silly addNameRange     '3.0.3',
25 silly addNameRange     '3.0.4',
25 silly addNameRange     '3.0.5',
25 silly addNameRange     '3.0.6',
25 silly addNameRange     '3.1.0',
25 silly addNameRange     '3.1.1',
25 silly addNameRange     '3.1.2',
25 silly addNameRange     '3.2.0',
25 silly addNameRange     '3.2.1',
25 silly addNameRange     '3.2.2',
25 silly addNameRange     '3.2.3',
25 silly addNameRange     '3.2.4',
25 silly addNameRange     '3.2.5',
25 silly addNameRange     '3.2.6',
25 silly addNameRange     '3.3.0',
25 silly addNameRange     '3.3.1',
25 silly addNameRange     '3.3.2',
25 silly addNameRange     '3.3.3',
25 silly addNameRange     '3.3.4',
25 silly addNameRange     '3.3.5',
25 silly addNameRange     '3.3.6',
25 silly addNameRange     '1.0.0-beta',
25 silly addNameRange     '1.0.0-beta2',
25 silly addNameRange     '1.0.0-rc',
25 silly addNameRange     '1.0.0-rc2',
25 silly addNameRange     '1.0.0-rc3',
25 silly addNameRange     '1.0.0-rc4',
25 silly addNameRange     '2.0.0-beta',
25 silly addNameRange     '2.0.0-beta2',
25 silly addNameRange     '2.0.0-beta3',
25 silly addNameRange     '2.0.0-rc',
25 silly addNameRange     '2.0.0-rc2',
25 silly addNameRange     '2.0.0-rc3',
25 silly addNameRange     '3.0.0-alpha1',
25 silly addNameRange     '3.0.0-alpha2',
25 silly addNameRange     '3.0.0-alpha3',
25 silly addNameRange     '3.0.0-alpha4',
25 silly addNameRange     '3.0.0-alpha5',
25 silly addNameRange     '3.0.0-beta1',
25 silly addNameRange     '3.0.0-beta2',
25 silly addNameRange     '3.0.0-beta3',
25 silly addNameRange     '3.0.0-beta4',
25 silly addNameRange     '3.0.0-beta6',
25 silly addNameRange     '3.0.0-beta7',
25 silly addNameRange     '3.0.0-rc1',
25 silly addNameRange     '3.0.0-rc2',
25 silly addNameRange     '3.0.0-rc3',
25 silly addNameRange     '3.0.0-rc4',
25 silly addNameRange     '3.0.0-rc5',
25 silly addNameRange     '3.3.7',
25 silly addNameRange     '3.3.8',
25 silly addNameRange     '3.4.0',
25 silly addNameRange     '3.4.1',
25 silly addNameRange     '3.4.2',
25 silly addNameRange     '3.4.3',
25 silly addNameRange     '3.4.4',
25 silly addNameRange     '3.4.5',
25 silly addNameRange     '3.4.6',
25 silly addNameRange     '3.4.7',
25 silly addNameRange     '3.4.8',
25 silly addNameRange     '4.0.0-rc1',
25 silly addNameRange     '4.0.0-rc2',
25 silly addNameRange     '3.5.0',
25 silly addNameRange     '4.0.0-rc3',
25 silly addNameRange     '4.0.0-rc4',
25 silly addNameRange     '3.5.1',
25 silly addNameRange     '4.0.0',
25 silly addNameRange     '3.5.2',
25 silly addNameRange     '4.1.0',
25 silly addNameRange     '4.1.1',
25 silly addNameRange     '3.5.3',
25 silly addNameRange     '4.1.2',
25 silly addNameRange     '3.6.0',
25 silly addNameRange     '4.2.0',
25 silly addNameRange     '3.7.0',
25 silly addNameRange     '3.8.0',
25 silly addNameRange     '4.3.0',
25 silly addNameRange     '4.3.1',
25 silly addNameRange     '3.8.1',
25 silly addNameRange     '4.3.2',
25 silly addNameRange     '3.9.0',
25 silly addNameRange     '4.4.0',
25 silly addNameRange     '4.4.1',
25 silly addNameRange     '3.10.0',
25 silly addNameRange     '3.10.1',
25 silly addNameRange     '3.10.2',
25 silly addNameRange     '3.10.3',
25 silly addNameRange     '3.10.4',
25 silly addNameRange     '4.4.2',
25 silly addNameRange     '3.10.5',
25 silly addNameRange     '4.4.3',
25 silly addNameRange     '3.11.0',
25 silly addNameRange     '4.4.4',
25 silly addNameRange     '3.12.0',
25 silly addNameRange     '3.12.1',
25 silly addNameRange     '4.4.5',
25 silly addNameRange     '3.13.0',
25 silly addNameRange     '4.5.0',
25 silly addNameRange     '4.5.1',
25 silly addNameRange     '3.14.0',
25 silly addNameRange     '4.6.0',
25 silly addNameRange     '4.6.1',
25 silly addNameRange     '3.15.0',
25 silly addNameRange     '4.7.0',
25 silly addNameRange     '3.15.1',
25 silly addNameRange     '4.7.1',
25 silly addNameRange     '3.15.2',
25 silly addNameRange     '4.7.2',
25 silly addNameRange     '4.7.3',
25 silly addNameRange     '3.15.3',
25 silly addNameRange     '4.7.4',
25 silly addNameRange     '3.16.0',
25 silly addNameRange     '4.8.0',
25 silly addNameRange     '3.16.1',
25 silly addNameRange     '4.8.1',
25 silly addNameRange     '3.16.2',
25 silly addNameRange     '4.8.2',
25 silly addNameRange     '3.16.3',
25 silly addNameRange     '3.16.4',
25 silly addNameRange     '4.8.3',
25 silly addNameRange     '3.16.5',
25 silly addNameRange     '3.16.6',
25 silly addNameRange     '4.8.4',
25 silly addNameRange     '3.16.7',
25 silly addNameRange     '4.8.5',
25 silly addNameRange     '3.16.8',
25 silly addNameRange     '4.8.6',
25 silly addNameRange     '3.16.9',
25 silly addNameRange     '4.8.7',
25 silly addNameRange     '3.16.10',
25 silly addNameRange     '4.8.8',
25 silly addNameRange     '3.17.0',
25 silly addNameRange     '3.17.1',
25 silly addNameRange     '4.9.0',
25 silly addNameRange     '3.17.2',
25 silly addNameRange     '4.9.1',
25 silly addNameRange     '4.9.2',
25 silly addNameRange     '3.17.3',
25 silly addNameRange     '4.9.3',
25 silly addNameRange     '3.17.4',
25 silly addNameRange     '4.9.4',
25 silly addNameRange     '3.17.5',
25 silly addNameRange     '4.9.5',
25 silly addNameRange     '3.17.6',
25 silly addNameRange     '3.17.7',
25 silly addNameRange     '4.9.6',
25 silly addNameRange     '4.9.7',
25 silly addNameRange     '3.17.8',
25 silly addNameRange     '4.9.8',
25 silly addNameRange     '3.18.0',
25 silly addNameRange     '3.18.1',
25 silly addNameRange     '4.10.0',
25 silly addNameRange     '3.18.2',
25 silly addNameRange     '4.10.1',
25 silly addNameRange     '5.0.0-alpha.1',
25 silly addNameRange     '3.18.3',
25 silly addNameRange     '4.10.2',
25 silly addNameRange     '3.18.4',
25 silly addNameRange     '4.10.3',
25 silly addNameRange     '4.10.4',
25 silly addNameRange     '4.10.5',
25 silly addNameRange     '3.18.5',
25 silly addNameRange     '3.18.6',
25 silly addNameRange     '4.10.6',
25 silly addNameRange     '4.10.7',
25 silly addNameRange     '3.19.0',
25 silly addNameRange     '4.10.8',
25 silly addNameRange     '4.11.0',
25 silly addNameRange     '3.19.1',
25 silly addNameRange     '4.11.1',
25 silly addNameRange     '3.19.2',
25 silly addNameRange     '4.11.2',
25 silly addNameRange     '3.20.0',
25 silly addNameRange     '4.12.0',
25 silly addNameRange     '3.20.1',
25 silly addNameRange     '4.12.1',
25 silly addNameRange     '4.12.2',
25 silly addNameRange     '3.20.2',
25 silly addNameRange     '4.12.3',
25 silly addNameRange     '3.20.3',
25 silly addNameRange     '4.12.4',
25 silly addNameRange     '3.21.0',
25 silly addNameRange     '4.13.0',
25 silly addNameRange     '3.21.1',
25 silly addNameRange     '4.13.1',
25 silly addNameRange     '5.0.0-alpha.2',
25 silly addNameRange     '3.21.2',
25 silly addNameRange     '4.13.2',
25 silly addNameRange     '4.13.3',
25 silly addNameRange     '4.13.4' ] ]
26 verbose addNamed [ 'express', '4.13.4' ]
27 verbose addNamed [ '4.13.4', '4.13.4' ]
28 silly lockFile 23607823-express-4-13-4 express@4.13.4
29 verbose lock express@4.13.4 C:\Users\sagar_rivankar\AppData\Roaming\npm-cache\23607823-express-4-13-4.lock
30 silly lockFile a53be0cb-s-org-express-express-4-13-4-tgz http://registry.npmjs.org/express/-/express-4.13.4.tgz
31 verbose lock http://registry.npmjs.org/express/-/express-4.13.4.tgz C:\Users\sagar_rivankar\AppData\Roaming\npm-cache\a53be0cb-s-org-express-express-4-13-4-tgz.lock
32 verbose addRemoteTarball [ 'http://registry.npmjs.org/express/-/express-4.13.4.tgz',
32 verbose addRemoteTarball   '3c0b76f3c77590c8345739061ec0bd3ba067ec24' ]
33 info retry fetch attempt 1 at 12:34:37
34 verbose fetch to= C:\Users\SAGAR_~1\AppData\Local\Temp\npm-6840-RF-SPDzQ\1454828677299-0.1158039781730622\tmp.tgz
35 http GET http://registry.npmjs.org/express/-/express-4.13.4.tgz
36 http 403 http://registry.npmjs.org/express/-/express-4.13.4.tgz
37 error fetch failed http://registry.npmjs.org/express/-/express-4.13.4.tgz
38 silly lockFile a53be0cb-s-org-express-express-4-13-4-tgz http://registry.npmjs.org/express/-/express-4.13.4.tgz
39 silly lockFile a53be0cb-s-org-express-express-4-13-4-tgz http://registry.npmjs.org/express/-/express-4.13.4.tgz
40 silly lockFile 23607823-express-4-13-4 express@4.13.4
41 silly lockFile 23607823-express-4-13-4 express@4.13.4
42 silly lockFile 90e6d034-express-4-13-3 express@~4.13.3
43 silly lockFile 90e6d034-express-4-13-3 express@~4.13.3
44 error Error: 403 Forbidden
44 error     at WriteStream.<anonymous> (C:\Program Files\nodejs\node_modules\npm\lib\utils\fetch.js:57:12)
44 error     at WriteStream.EventEmitter.emit (events.js:117:20)
44 error     at fs.js:1598:14
44 error     at C:\Program Files\nodejs\node_modules\npm\node_modules\graceful-fs\graceful-fs.js:105:5
44 error     at Object.oncomplete (fs.js:107:15)
45 error If you need help, you may report this *entire* log,
45 error including the npm and node versions, at:
45 error     <http://github.com/npm/npm/issues>
46 error System Windows_NT 6.1.7601
47 error command "C:\\Program Files\\nodejs\\\\node.exe" "C:\\Program Files\\nodejs\\node_modules\\npm\\bin\\npm-cli.js" "install" "express"
48 error cwd C:\Program Files\Apache Software Foundation\Tomcat 7.0\webapps\ROOT\loan-management-app
49 error node -v v0.10.28
50 error npm -v 1.4.9
51 verbose exit [ 1, true ]
